<?xml version="1.0" encoding="UTF-8"?>
<!-- Generated by org.testng.reporters.JUnitXMLReporter -->
<testsuite ignored="0" hostname="hello-world" failures="0" tests="3" name="Default test" time="0.084" errors="0" timestamp="06 Jun 2020 04:21:35 GMT">
  <testcase classname="TestCalculator" name="emptyStringReturnZero" time="0.017"/>
  <testcase classname="TestCalculator" name="singleValueReply" time="0.002"/>
  <testcase classname="TestCalculator" name="twoNumbersCommaDelimeterReturnSum" time="0.002"/>
</testsuite> <!-- Default test -->
