<?xml version="1.0" encoding="UTF-8"?>
<testng-results ignored="0" total="3" passed="3" failed="0" skipped="0">
  <reporter-output>
  </reporter-output>
  <suite started-at="2020-06-06T04:21:35Z" name="Default suite" finished-at="2020-06-06T04:21:35Z" duration-ms="84">
    <groups>
    </groups>
    <test started-at="2020-06-06T04:21:35Z" name="Default test" finished-at="2020-06-06T04:21:35Z" duration-ms="84">
      <class name="TestCalculator">
        <test-method is-config="true" signature="init()[pri:0, instance:TestCalculator@57175e74]" started-at="2020-06-06T04:21:35Z" name="init" finished-at="2020-06-06T04:21:35Z" duration-ms="16" status="PASS">
          <reporter-output>
          </reporter-output>
        </test-method> <!-- init -->
        <test-method signature="emptyStringReturnZero()[pri:0, instance:TestCalculator@57175e74]" started-at="2020-06-06T04:21:35Z" name="emptyStringReturnZero" finished-at="2020-06-06T04:21:35Z" duration-ms="17" status="PASS">
          <reporter-output>
          </reporter-output>
        </test-method> <!-- emptyStringReturnZero -->
        <test-method signature="singleValueReply()[pri:0, instance:TestCalculator@57175e74]" started-at="2020-06-06T04:21:35Z" name="singleValueReply" finished-at="2020-06-06T04:21:35Z" duration-ms="2" status="PASS">
          <reporter-output>
          </reporter-output>
        </test-method> <!-- singleValueReply -->
        <test-method signature="twoNumbersCommaDelimeterReturnSum()[pri:0, instance:TestCalculator@57175e74]" started-at="2020-06-06T04:21:35Z" name="twoNumbersCommaDelimeterReturnSum" finished-at="2020-06-06T04:21:35Z" duration-ms="2" status="PASS">
          <reporter-output>
          </reporter-output>
        </test-method> <!-- twoNumbersCommaDelimeterReturnSum -->
      </class> <!-- TestCalculator -->
    </test> <!-- Default test -->
  </suite> <!-- Default suite -->
</testng-results>
