<?xml version="1.0" encoding="UTF-8"?>
<testng-results ignored="0" total="1" passed="1" failed="0" skipped="0">
  <reporter-output>
  </reporter-output>
  <suite started-at="2020-06-06T02:39:58Z" name="Default suite" finished-at="2020-06-06T02:39:58Z" duration-ms="52">
    <groups>
    </groups>
    <test started-at="2020-06-06T02:39:58Z" name="Default test" finished-at="2020-06-06T02:39:58Z" duration-ms="52">
      <class name="TestCalculator">
        <test-method signature="emptyStringReturnZero()[pri:0, instance:TestCalculator@35fc6dc4]" started-at="2020-06-06T02:39:58Z" name="emptyStringReturnZero" finished-at="2020-06-06T02:39:58Z" duration-ms="17" status="PASS">
          <reporter-output>
          </reporter-output>
        </test-method> <!-- emptyStringReturnZero -->
      </class> <!-- TestCalculator -->
    </test> <!-- Default test -->
  </suite> <!-- Default suite -->
</testng-results>
