<?xml version="1.0" encoding="UTF-8"?>
<testng-results ignored="0" total="2" passed="2" failed="0" skipped="0">
  <reporter-output>
  </reporter-output>
  <suite started-at="2020-06-06T02:50:41Z" name="Default suite" finished-at="2020-06-06T02:50:41Z" duration-ms="54">
    <groups>
    </groups>
    <test started-at="2020-06-06T02:50:41Z" name="Default test" finished-at="2020-06-06T02:50:41Z" duration-ms="54">
      <class name="TestCalculator">
        <test-method is-config="true" signature="init()[pri:0, instance:TestCalculator@29ba4338]" started-at="2020-06-06T02:50:41Z" name="init" finished-at="2020-06-06T02:50:41Z" duration-ms="12" status="PASS">
          <reporter-output>
          </reporter-output>
        </test-method> <!-- init -->
        <test-method signature="emptyStringReturnZero()[pri:0, instance:TestCalculator@29ba4338]" started-at="2020-06-06T02:50:41Z" name="emptyStringReturnZero" finished-at="2020-06-06T02:50:41Z" duration-ms="11" status="PASS">
          <reporter-output>
          </reporter-output>
        </test-method> <!-- emptyStringReturnZero -->
        <test-method signature="singleValueReply()[pri:0, instance:TestCalculator@29ba4338]" started-at="2020-06-06T02:50:41Z" name="singleValueReply" finished-at="2020-06-06T02:50:41Z" duration-ms="3" status="PASS">
          <reporter-output>
          </reporter-output>
        </test-method> <!-- singleValueReply -->
      </class> <!-- TestCalculator -->
    </test> <!-- Default test -->
  </suite> <!-- Default suite -->
</testng-results>
